<?xml version="1.0" encoding="UTF-8"?>
<!-- Generated by org.testng.reporters.JUnitReportReporter -->
<testsuite hostname="LAPTOP-LERK31GH" failures="0" tests="3" name="runner.RunCukes" time="76.034" errors="1" timestamp="2024-04-21T10:10:06 IST" skipped="0">
  <testcase classname="runner.RunCukes" name="runScenario" time="5.225"/>
  <testcase classname="runner.RunCukes" name="runScenario" time="56.146"/>
  <testcase classname="runner.RunCukes" name="runScenario" time="14.663">
    <error message="no such element: Unable to locate element: {&quot;method&quot;:&quot;xpath&quot;,&quot;selector&quot;:&quot;//button[@id=&#039;headlessui-popover-button-:re:&#039;]//button[@class=&#039;Button-sc-1dr2sn8-0 CtaButtons___StyledButton-sc-1tlmn1r-0 hlIKGt jWnUIa&#039;]//*[name()=&#039;svg&#039;]//*[name()=&#039;g&#039; and contains(@mask,&#039;url(#SaveI&#039;)]//*[name()=&#039;path&#039; and contains(@fill,&#039;#202020&#039;)]&quot;}
  (Session info: chrome=123.0.6312.123)
For documentation on this error, please visit: https://www.selenium.dev/documentation/webdriver/troubleshooting/errors#no-such-element-exception
Build info: version: &#039;4.19.1&#039;, revision: &#039;abe0ee07dc&#039;
System info: os.name: &#039;Windows 11&#039;, os.arch: &#039;amd64&#039;, os.version: &#039;10.0&#039;, java.version: &#039;22&#039;
Driver info: org.openqa.selenium.chrome.ChromeDriver
Command: [4766eb1c9f4986f9fa20353f13364ad9, findElement {value=//button[@id=&#039;headlessui-popover-button-:re:&#039;]//button[@class=&#039;Button-sc-1dr2sn8-0 CtaButtons___StyledButton-sc-1tlmn1r-0 hlIKGt jWnUIa&#039;]//*[name()=&#039;svg&#039;]//*[name()=&#039;g&#039; and contains(@mask,&#039;url(#SaveI&#039;)]//*[name()=&#039;path&#039; and contains(@fill,&#039;#202020&#039;)], using=xpath}]
Capabilities {acceptInsecureCerts: false, browserName: chrome, browserVersion: 123.0.6312.123, chrome: {chromedriverVersion: 123.0.6312.122 (31f8248cdd9..., userDataDir: C:\Users\HIMANS~1\AppData\L...}, fedcm:accounts: true, goog:chromeOptions: {debuggerAddress: localhost:49810}, networkConnectionEnabled: false, pageLoadStrategy: normal, platformName: windows, proxy: Proxy(), se:cdp: ws://localhost:49810/devtoo..., se:cdpVersion: 123.0.6312.123, setWindowRect: true, strictFileInteractability: false, timeouts: {implicit: 0, pageLoad: 300000, script: 30000}, unhandledPromptBehavior: dismiss and notify, webauthn:extension:credBlob: true, webauthn:extension:largeBlob: true, webauthn:extension:minPinLength: true, webauthn:extension:prf: true, webauthn:virtualAuthenticators: true}
Session ID: 4766eb1c9f4986f9fa20353f13364ad9" type="org.openqa.selenium.NoSuchElementException">
      <![CDATA[org.openqa.selenium.NoSuchElementException: no such element: Unable to locate element: {"method":"xpath","selector":"//button[@id='headlessui-popover-button-:re:']//button[@class='Button-sc-1dr2sn8-0 CtaButtons___StyledButton-sc-1tlmn1r-0 hlIKGt jWnUIa']//*[name()='svg']//*[name()='g' and contains(@mask,'url(#SaveI')]//*[name()='path' and contains(@fill,'#202020')]"}
  (Session info: chrome=123.0.6312.123)
For documentation on this error, please visit: https://www.selenium.dev/documentation/webdriver/troubleshooting/errors#no-such-element-exception
Build info: version: '4.19.1', revision: 'abe0ee07dc'
System info: os.name: 'Windows 11', os.arch: 'amd64', os.version: '10.0', java.version: '22'
Driver info: org.openqa.selenium.chrome.ChromeDriver
Command: [4766eb1c9f4986f9fa20353f13364ad9, findElement {value=//button[@id='headlessui-popover-button-:re:']//button[@class='Button-sc-1dr2sn8-0 CtaButtons___StyledButton-sc-1tlmn1r-0 hlIKGt jWnUIa']//*[name()='svg']//*[name()='g' and contains(@mask,'url(#SaveI')]//*[name()='path' and contains(@fill,'#202020')], using=xpath}]
Capabilities {acceptInsecureCerts: false, browserName: chrome, browserVersion: 123.0.6312.123, chrome: {chromedriverVersion: 123.0.6312.122 (31f8248cdd9..., userDataDir: C:\Users\HIMANS~1\AppData\L...}, fedcm:accounts: true, goog:chromeOptions: {debuggerAddress: localhost:49810}, networkConnectionEnabled: false, pageLoadStrategy: normal, platformName: windows, proxy: Proxy(), se:cdp: ws://localhost:49810/devtoo..., se:cdpVersion: 123.0.6312.123, setWindowRect: true, strictFileInteractability: false, timeouts: {implicit: 0, pageLoad: 300000, script: 30000}, unhandledPromptBehavior: dismiss and notify, webauthn:extension:credBlob: true, webauthn:extension:largeBlob: true, webauthn:extension:minPinLength: true, webauthn:extension:prf: true, webauthn:virtualAuthenticators: true}
Session ID: 4766eb1c9f4986f9fa20353f13364ad9
at java.base/jdk.internal.reflect.DirectConstructorHandleAccessor.newInstance(DirectConstructorHandleAccessor.java:62)
at java.base/java.lang.reflect.Constructor.newInstanceWithCaller(Constructor.java:502)
at java.base/java.lang.reflect.Constructor.newInstance(Constructor.java:486)
at org.openqa.selenium.remote.ErrorCodec.decode(ErrorCodec.java:167)
at org.openqa.selenium.remote.codec.w3c.W3CHttpResponseCodec.decode(W3CHttpResponseCodec.java:138)
at org.openqa.selenium.remote.codec.w3c.W3CHttpResponseCodec.decode(W3CHttpResponseCodec.java:50)
at org.openqa.selenium.remote.HttpCommandExecutor.execute(HttpCommandExecutor.java:190)
at org.openqa.selenium.remote.service.DriverCommandExecutor.invokeExecute(DriverCommandExecutor.java:216)
at org.openqa.selenium.remote.service.DriverCommandExecutor.execute(DriverCommandExecutor.java:174)
at org.openqa.selenium.remote.RemoteWebDriver.execute(RemoteWebDriver.java:518)
at org.openqa.selenium.remote.ElementLocation$ElementFinder$2.findElement(ElementLocation.java:165)
at org.openqa.selenium.remote.ElementLocation.findElement(ElementLocation.java:59)
at org.openqa.selenium.remote.RemoteWebDriver.findElement(RemoteWebDriver.java:355)
at org.openqa.selenium.remote.RemoteWebDriver.findElement(RemoteWebDriver.java:349)
at org.openqa.selenium.support.pagefactory.DefaultElementLocator.findElement(DefaultElementLocator.java:68)
at org.openqa.selenium.support.pagefactory.internal.LocatingElementHandler.invoke(LocatingElementHandler.java:38)
at jdk.proxy2/jdk.proxy2.$Proxy32.click(Unknown Source)
at Pages.actions.SavedForLaterActions.clickSavedForLaterIt(SavedForLaterActions.java:23)
at Steps.savedFoLater.click_on_saved_for_later_tag(savedFoLater.java:42)
at âœ½.click on saved for later tag(file:///C:/Users/HimanshuNaudiyal/project/New_Bigbasket/src/test/resources/features/SavedforLater.feature:11)
]]>
    </error>
  </testcase> <!-- runScenario -->
</testsuite> <!-- runner.RunCukes -->
